<?xml version="1.0" encoding="UTF-8"?>
<testng-results ignored="0" total="1" passed="1" failed="0" skipped="0">
  <reporter-output>
  </reporter-output>
  <suite started-at="2022-03-13T19:22:22 IST" name="Default suite" finished-at="2022-03-13T19:22:29 IST" duration-ms="6958">
    <groups>
    </groups>
    <test started-at="2022-03-13T19:22:22 IST" name="Default test" finished-at="2022-03-13T19:22:29 IST" duration-ms="6958">
      <class name="com.PushpaTheRise.TestClasses.TC02VerifyReleaseDate">
        <test-method is-config="true" signature="Setup()[pri:0, instance:com.PushpaTheRise.TestClasses.TC02VerifyReleaseDate@2805d709]" started-at="2022-03-13T19:22:22 IST" name="Setup" finished-at="2022-03-13T19:22:29 IST" duration-ms="6419" status="PASS">
          <reporter-output>
          </reporter-output>
        </test-method> <!-- Setup -->
        <test-method signature="ReleseDate()[pri:0, instance:com.PushpaTheRise.TestClasses.TC02VerifyReleaseDate@2805d709]" started-at="2022-03-13T19:22:29 IST" name="ReleseDate" finished-at="2022-03-13T19:22:29 IST" duration-ms="137" status="PASS">
          <reporter-output>
          </reporter-output>
        </test-method> <!-- ReleseDate -->
        <test-method is-config="true" signature="TearDawn()[pri:0, instance:com.PushpaTheRise.TestClasses.TC02VerifyReleaseDate@2805d709]" started-at="2022-03-13T19:22:29 IST" name="TearDawn" finished-at="2022-03-13T19:22:29 IST" duration-ms="353" status="PASS">
          <reporter-output>
          </reporter-output>
        </test-method> <!-- TearDawn -->
      </class> <!-- com.PushpaTheRise.TestClasses.TC02VerifyReleaseDate -->
    </test> <!-- Default test -->
  </suite> <!-- Default suite -->
</testng-results>
